<?xml version="1.0" encoding="UTF-8"?>
<!-- Generated by org.testng.reporters.JUnitReportReporter -->
<testsuite skipped="0" hostname="Chomping" name="tests.SearchDressTest" tests="1" failures="0" timestamp="2020-01-26T02:11:16 UYT" time="25.081" errors="0">
  <testcase name="searchForDress" time="25.081" classname="tests.SearchDressTest"/>
  <system-out/>
</testsuite> <!-- tests.SearchDressTest -->
